2023-02-07 02:36:46.683 [INF] KASD: Version 0.12.11
2023-02-07 02:36:46.683 [INF] KASD: Loading database from '/home/steal/.kaspad/kaspa-devnet/datadir2'
2023-02-07 02:36:46.876 [INF] ADXR: Loaded 0 addresses and 0 banned addresses
2023-02-07 02:36:46.876 [WRN] ADXR: Skipping specified external IP: address 127.0.0.1 is not routable
2023-02-07 02:36:46.952 [INF] KASD: UTXO index started
2023-02-07 02:36:46.953 [INF] TXMP: P2P Server listening on 127.0.0.1:16111
2023-02-07 02:36:46.953 [INF] TXMP: RPC Server listening on [::]:16610
2023-02-07 02:36:47.456 [INF] TXMP: RPC Incoming connection from 127.0.0.1:41484 #1
2023-02-07 02:37:07.428 [INF] TXMP: RPC Incoming connection from 127.0.0.1:50054 #2
2023-02-07 02:37:08.067 [INF] BDAG: Processed 1 block and 0 header in the last 21.2s (1 transaction, 2023-02-07 02:37:07.451 -0400 -04)
2023-02-07 02:37:08.068 [INF] RPCS: Accepted block 5b61b437ba08a9c98f422f48e0ca2b7ff5bd9ad2de4fcfa7ec312c7d987ca6d3 via submitBlock
2023-02-07 02:37:08.120 [INF] RPCS: Accepted block c52c4e63f1e455e1c7aeb840f04ef1ad5efde446b9e333f096beca3945363c0c via submitBlock
2023-02-07 02:37:08.135 [INF] RPCS: Accepted block b69ac2263fb9e25f66b6e5120114bf85a6d561eb43c7403370ddbba368976512 via submitBlock
2023-02-07 02:37:08.174 [INF] RPCS: Accepted block f7c3a3d896c5b6ce2805449702c3ed144cbaab86aa3d39c8454b54ec821fd573 via submitBlock
2023-02-07 02:37:08.228 [INF] RPCS: Accepted block 00872ca63e09424cf71dffe8c12b914ec3c6b64eb7f83465c117c05af3c0cf51 via submitBlock
2023-02-07 02:37:08.286 [INF] RPCS: Accepted block f1d07ef904165aab5e6c1a59dadc3d97147a0bcbec829fb87cafb7f2e081e246 via submitBlock
2023-02-07 02:37:08.374 [INF] RPCS: Accepted block 69cf4fe67ef48b1d34f6808e00fa5407f34a42bae00a5896c551e8ebf6da6b04 via submitBlock
2023-02-07 02:37:08.503 [INF] RPCS: Accepted block fd07b823bc395b1a393649d2ae563198712eea4bfd53b4397c91c00a386ea55e via submitBlock
2023-02-07 02:37:08.547 [INF] RPCS: Accepted block 402540cc00777e08cc777a9471ee815016eb60a16954a41ebab02287631e527f via submitBlock
2023-02-07 02:37:08.643 [INF] RPCS: Accepted block 7c979054e5afc294dd1f95b157827b8b16b9a7d020de96d92e2ea6897523c4b9 via submitBlock
2023-02-07 02:37:12.500 [INF] RPCS: Accepted block 128454c096983b6e0b6ce8f8e998d87ca8093072263d1103556fe2b3ae953e9b via submitBlock
2023-02-07 02:37:12.563 [INF] RPCS: Accepted block 75fc0d645ca194d67d5452dafe4e375ad7ed91ed4ac34d2ffc0bae60abb3c308 via submitBlock
2023-02-07 02:37:12.584 [INF] RPCS: Accepted block 60b3a590c6122da741a1e7a7219136f28644bcc1f709e902a1dfbdeeaabe9989 via submitBlock
2023-02-07 02:37:12.601 [INF] RPCS: Accepted block 754aaef45523b7ee5ec301ee3b36255da11d3c83ca2d04b92e213a2284cf3f0a via submitBlock
2023-02-07 02:37:12.620 [INF] RPCS: Accepted block 357f8c8c6a66c28f493350097a0bfa8732b4a9e4b28b6af378e121441aa807b2 via submitBlock
2023-02-07 02:37:12.714 [INF] RPCS: Accepted block 57abdb6682a7c1a2b88d96ba7a9a9bd0159fd90ff921688784087703d54736ce via submitBlock
2023-02-07 02:37:12.754 [INF] RPCS: Accepted block fa114fcb3b58761fd67f8788175ae6931f8a3a114fe832a2d6b67044ba63fd1c via submitBlock
2023-02-07 02:37:12.797 [INF] RPCS: Accepted block 5379b293fa45e81171c1c3390e0baf8b099e94813b6db1b4ae3019cf2c25f3a2 via submitBlock
2023-02-07 02:37:12.898 [INF] RPCS: Accepted block b753510ef0c9717e1d0f85230bb842fba95c7d36f30c217ee35fc1c1cab32c83 via submitBlock
2023-02-07 02:37:12.913 [INF] RPCS: Accepted block 60a391a86a8393149986d052ccf67c61117a582e92f55f0f96106c5f15f01f39 via submitBlock
2023-02-07 02:37:17.531 [INF] RPCS: Accepted block 496b93c922fb1bc0c2566596099d93d6c0bb8775f7f8c896d8f58d51898ed900 via submitBlock
2023-02-07 02:37:17.549 [INF] RPCS: Accepted block 4e17fa18996ca97193f7557e853dc9e33aa0ebbd8d51d3a2280be84992c37b13 via submitBlock
2023-02-07 02:37:17.578 [INF] RPCS: Accepted block 888aa891e77ad9beb80b00b86358daa4e7012c071842d305eed91f053c616b29 via submitBlock
2023-02-07 02:37:17.622 [INF] RPCS: Accepted block 1b32aab053daa2d62995dbe046633c6642c225dd5f153dcd573005a4c0d8e75e via submitBlock
2023-02-07 02:37:17.662 [INF] RPCS: Accepted block 95aa036c23caca9f9deb25721a7e713d8436fffd10df56d414e02e2a4f1970fe via submitBlock
2023-02-07 02:37:17.784 [INF] RPCS: Accepted block b96fb2bcfa1ea3b997e27d5c624dc6fc6fe07ba8f2b4cb75342b85ffefd4c23e via submitBlock
2023-02-07 02:37:17.926 [INF] RPCS: Accepted block dfc970c2277ddc047e2da456f90444eefc0b2e82da0c44c65ae937a83b49514c via submitBlock
2023-02-07 02:37:18.022 [INF] RPCS: Accepted block 4b129ebf4e6ff0f13c7b72f2a105750d367f51d7f0d824a88467275a70a56a76 via submitBlock
2023-02-07 02:37:18.037 [INF] RPCS: Accepted block 3d758423622046424d2319b71222f29d9c4fd131af5780485dc41e51141c16d3 via submitBlock
2023-02-07 02:37:18.148 [INF] BDAG: Processed 29 blocks and 0 headers in the last 10.08s (29 transactions, 2023-02-07 02:37:18.039 -0400 -04)
2023-02-07 02:37:18.148 [INF] RPCS: Accepted block e42b1090b9a876881e085eb85cd071c147495e107bafd70a70cb31600e468d1d via submitBlock
2023-02-07 02:37:19.316 [INF] NTAR: Disconnected from <<nil>: 127.0.0.1:50054>
2023-02-07 02:37:29.704 [INF] TXMP: RPC Incoming connection from 127.0.0.1:41156 #2
Pops:  3 
 [{0x11dedd0 []} {0x11dd840 [161 4 93 211 251 254 68 243 178 3 199 178 105 15 202 35 71 172 131 77 3 213 66 121 172 141 205 154 115 174 42 154]} {0x11de858 []}]
170 
 a1045dd3fbfe44f3b203c7b2690fca2347ac834d03d54279ac8dcd9a73ae2a9a
_^^_
E certo che e' un p2sh idiota
Pops:  2 
 [{0x11dd840 [32 63 13 119 162 147 59 113 73 208 171 47 94 132 254 145 184 82 36 74 210 131 79 142 21 191 63 80 66 178 119 13]} {0x11dee20 []}]
32 
 
_^^_
Non e' un p2sh
Pops:  2 
 [{0x11dd840 [32 63 13 119 162 147 59 113 73 208 171 47 94 132 254 145 184 82 36 74 210 131 79 142 21 191 63 80 66 178 119 13]} {0x11dee20 []}]
32 
 
_^^_
HASHTYPE:
 1
sigByte:
 [231 189 210 114 89 244 195 114 132 81 33 42 115 200 192 173 108 202 185 198 178 9 158 179 75 42 190 107 42 236 34 200 158 136 12 129 249 79 226 20 191 5 104 255 105 193 176 201 46 48 221 173 30 76 102 241 162 2 191 49 23 154 125 184]
sigHash:
 e989c401b7e73934fde17c2f400fa547df5ad2cef59a788b0830dd91521f5e0c
pubKey:
 203f0d77a2933b7149d0ab2f5e84fe91b852244ad2834f8e15bf3f5042b2770d
Signature:
 e7bdd27259f4c3728451212a73c8c0ad6ccab9c6b2099eb34b2abe6b2aec22c89e880c81f94fe214bf0568ff69c1b0c92e30ddad1e4c66f1a202bf31179a7db8
vm.sigCache!=nil
2023-02-07 02:38:06.180 [INF] TXMP: RPC Incoming connection from 127.0.0.1:54444 #3
Pops:  3 
 [{0x11dedd0 []} {0x11dd840 [161 4 93 211 251 254 68 243 178 3 199 178 105 15 202 35 71 172 131 77 3 213 66 121 172 141 205 154 115 174 42 154]} {0x11de858 []}]
170 
 a1045dd3fbfe44f3b203c7b2690fca2347ac834d03d54279ac8dcd9a73ae2a9a
_^^_
E certo che e' un p2sh idiota
Pops:  3 
 [{0x11dedd0 []} {0x11dd840 [161 4 93 211 251 254 68 243 178 3 199 178 105 15 202 35 71 172 131 77 3 213 66 121 172 141 205 154 115 174 42 154]} {0x11de858 []}]
170 
 a1045dd3fbfe44f3b203c7b2690fca2347ac834d03d54279ac8dcd9a73ae2a9a
_^^_
E certo che e' un p2sh idiota
Pops:  3 
 [{0x11dedd0 []} {0x11dd840 [161 4 93 211 251 254 68 243 178 3 199 178 105 15 202 35 71 172 131 77 3 213 66 121 172 141 205 154 115 174 42 154]} {0x11de858 []}]
170 
 a1045dd3fbfe44f3b203c7b2690fca2347ac834d03d54279ac8dcd9a73ae2a9a
_^^_
E certo che e' un p2sh idiota
--------------
[99 130 1 32 136 168 32 56 233 90 31 51 72 199 233 160 233 63 45 159 158 133 60 130 59 244 133 210 12 107 152 183 33 123 4 249 99 0 134 136 118 170 32 111 46 51 90 221 86 34 229 10 202 85 195 185 216 43 108 131 178 118 103 159 218 122 124 206 193 142 115 86 2 61 187 103 4 75 67 227 99 176 118 170 32 225 197 151 84 166 69 92 76 173 129 206 157 159 130 173 132 207 238 228 107 63 36 57 191 35 144 233 172 21 5 47 47 104 136 172]
Blake2b:
[161 4 93 211 251 254 68 243 178 3 199 178 105 15 202 35 71 172 131 77 3 213 66 121 172 141 205 154 115 174 42 154]
hex
a1045dd3fbfe44f3b203c7b2690fca2347ac834d03d54279ac8dcd9a73ae2a9a
I Byte sono:
 a1045dd3fbfe44f3b203c7b2690fca2347ac834d03d54279ac8dcd9a73ae2a9a 
 a1045dd3fbfe44f3b203c7b2690fca2347ac834d03d54279ac8dcd9a73ae2a9a
I Byte sono:
 20 
 20
EQUAL E' EQUAL E LEOTARDO E' UN PIRLA
I Byte sono:
 38e95a1f3348c7e9a0e93f2d9f9e853c823bf485d20c6b98b7217b04f9630086 
 38e95a1f3348c7e9a0e93f2d9f9e853c823bf485d20c6b98b7217b04f9630086
EQUAL E' EQUAL E LEOTARDO E' UN PIRLA
--------------
[122 174 21 145 4 21 86 219 230 12 169 241 12 108 229 106 197 45 127 66 128 172 100 160 237 42 110 63 190 126 43 150]
Blake2b:
[111 46 51 90 221 86 34 229 10 202 85 195 185 216 43 108 131 178 118 103 159 218 122 124 206 193 142 115 86 2 61 187]
hex
6f2e335add5622e50aca55c3b9d82b6c83b276679fda7a7ccec18e7356023dbb
I Byte sono:
 6f2e335add5622e50aca55c3b9d82b6c83b276679fda7a7ccec18e7356023dbb 
 6f2e335add5622e50aca55c3b9d82b6c83b276679fda7a7ccec18e7356023dbb
EQUAL E' EQUAL E LEOTARDO E' UN PIRLA
HASHTYPE:
 1
sigByte:
 [158 85 115 205 72 37 225 183 250 124 7 28 227 83 187 169 191 92 93 181 246 26 251 66 66 3 85 211 178 216 203 41 130 251 214 224 29 102 170 175 18 130 18 79 49 18 229 209 67 153 51 128 168 53 129 61 168 230 171 16 73 67 178 222]
sigHash:
 1f589b4d964b9f83ff0bb4101f9bd9e4d1ad4940e5d0ad97c93be2b6046e0275
pubKey:
 7aae1591041556dbe60ca9f10c6ce56ac52d7f4280ac64a0ed2a6e3fbe7e2b96
Signature:
 9e5573cd4825e1b7fa7c071ce353bba9bf5c5db5f61afb42420355d3b2d8cb2982fbd6e01d66aaaf1282124f3112e5d143993380a835813da8e6ab104943b2de
vm.sigCache!=nil
Pops:  3 
 [{0x11dedd0 []} {0x11dd840 [161 4 93 211 251 254 68 243 178 3 199 178 105 15 202 35 71 172 131 77 3 213 66 121 172 141 205 154 115 174 42 154]} {0x11de858 []}]
170 
 a1045dd3fbfe44f3b203c7b2690fca2347ac834d03d54279ac8dcd9a73ae2a9a
_^^_
E certo che e' un p2sh idiota
Pops:  3 
 [{0x11dedd0 []} {0x11dd840 [161 4 93 211 251 254 68 243 178 3 199 178 105 15 202 35 71 172 131 77 3 213 66 121 172 141 205 154 115 174 42 154]} {0x11de858 []}]
170 
 a1045dd3fbfe44f3b203c7b2690fca2347ac834d03d54279ac8dcd9a73ae2a9a
_^^_
E certo che e' un p2sh idiota
2023-02-07 02:38:06.194 [INF] NTAR: Disconnected from <<nil>: 127.0.0.1:54444>
2023-02-07 02:38:11.413 [INF] KASD: Received signal (interrupt). Shutting down...
2023-02-07 02:38:11.413 [INF] KASD: Gracefully shutting down kaspad...
2023-02-07 02:38:11.413 [WRN] KASD: Kaspad shutting down
2023-02-07 02:38:13.414 [WRN] TXMP: Could not gracefully stop RPC: timed out after 2s
2023-02-07 02:38:13.414 [INF] NTAR: Disconnected from <<nil>: 127.0.0.1:41484>
2023-02-07 02:38:13.415 [INF] KASD: Kaspad shutdown complete
2023-02-07 02:38:13.415 [INF] KASD: Gracefully shutting down the database...
2023-02-07 02:38:13.415 [INF] NTAR: Disconnected from <<nil>: 127.0.0.1:41156>
2023-02-07 02:38:13.415 [INF] KASD: Shutdown complete
