RECIPT ADDRESS:
kaspadev:qpa2u9v3qs24dklxpj5lzrrvu44v2ttlg2q2ce9qa54xu0a70c4evhh3emqdt

Initiating Contract...

SECRET: 
fffb76dbc26ce219e815ee9b5c0fd6874ae3079842ac42f07fa3fd1434afd819

SECRET HASH:
38e95a1f3348c7e9a0e93f2d9f9e853c823bf485d20c6b98b7217b04f9630086

REFUND ADDR:
kaspadev:qpfjl4s8skyu5f2mxv6hmrxxlhrnahhj06eky3razcuaalx4x0vdweexm0mp7

CHANGE ADDR:
kaspadev:qr2t67pk7vcz50rq2vaq6zql69m7m3psqqarh3qt3zmsq2cw68wegrql26fnd

RECIPT ADDR:
kaspadev:qpa2u9v3qs24dklxpj5lzrrvu44v2ttlg2q2ce9qa54xu0a70c4evhh3emqdt

BLAKE2BRECIPT [111 46 51 90 221 86 34 229 10 202 85 195 185 216 43 108 131 178 118 103 159 218 122 124 206 193 142 115 86 2 61 187]
Contract:
6382012088a82038e95a1f3348c7e9a0e93f2d9f9e853c823bf485d20c6b98b7217b04f96300868876aa206f2e335add5622e50aca55c3b9d82b6c83b276679fda7a7ccec18e7356023dbb67044b43e363b076aa20e1c59754a6455c4cad81ce9d9f82ad84cfeee46b3f2439bf2390e9ac15052f2f6888ac

ContractP2SH:
kaspadev:pzssghwnl0lyfuajq0rmy6g0eg350tyrf5pa2sne4jxumxnn4c4f5uqa5msth

ContractP2SHPkScript:
aa20a1045dd3fbfe44f3b203c7b2690fca2347ac834d03d54279ac8dcd9a73ae2a9a87

utxo:
outpoint:{transactionId:"1f58c15546b1435f2195909f40621c287296eb087ee95b2881a32b7fdd19a2fb"}  utxoEntry:{amount:50000000000  scriptPublicKey:{scriptPublicKey:"20203f0d77a2933b7149d0ab2f5e84fe91b852244ad2834f8e15bf3f5042b2770dac"}  blockDaaScore:489  isCoinbase:true}

Into Empty:
keypair kdub5BcDDKVEu3ZJ2wsi6zFmNFKtZQZe8seTZpr56bqTw2H6YZftVLNHr27y2bXCYfcozHTk9QVTTS5eSxDoD3YrAojWUG4sNfWaw8P3kqrhGZS
extended kdub56aZC6MYGZUQq95k4EQNY1Vd8gDRnXkK8PQW6w6xrMVHeusXWCArbKkAEWfLYhergCyvNza55KmgYjg9L9bto51TG8xG2fZLZGVPVJtbWhS
UTXOs:
[outpoint:{transactionId:"1f58c15546b1435f2195909f40621c287296eb087ee95b2881a32b7fdd19a2fb"}  utxoEntry:{amount:50000000000  scriptPublicKey:{scriptPublicKey:"20203f0d77a2933b7149d0ab2f5e84fe91b852244ad2834f8e15bf3f5042b2770dac"}  blockDaaScore:489  isCoinbase:true}]

INPUTS
[0xc0000a4540]

Signed Transaction:
0a9e0112280a240a220a201f58c15546b1435f2195909f40621c287296eb087ee95b2881a32b7fdd19a2fb20011a2b08c0843d12250a23aa20a1045dd3fbfe44f3b203c7b2690fca2347ac834d03d54279ac8dcd9a73ae2a9a871a2d0890f9aea1ba0112240a2220d4bd7836f3302a3c60533a0d081fd177edc430003a3bc40b88b7002b0ed1dd94ac2a160a14000000000000000000000000000000000000000012ef01122d0880e8eda1ba0112240a2220203f0d77a2933b7149d0ab2f5e84fe91b852244ad2834f8e15bf3f5042b2770dac180122b4010a6f6b64756235426344444b564575335a4a32777369367a466d4e464b745a515a65387365545a7072353662715477324836595a6674564c4e4872323779326258435966636f7a48546b39515654545335655378446f44335972416f6a57554734734e665761773850336b717268475a531241e7bdd27259f4c3728451212a73c8c0ad6ccab9c6b2099eb34b2abe6b2aec22c89e880c81f94fe214bf0568ff69c1b0c92e30ddad1e4c66f1a202bf31179a7db8012a056d2f302f31
Transactions were sent successfully!
Transaction ID(s): 
	1178a0abdcd8c90fa1751d858341d3517b9c4d1c6eac16287a9d0e11e81c44a9
TXSTR: 
0a9e0112280a240a220a201f58c15546b1435f2195909f40621c287296eb087ee95b2881a32b7fdd19a2fb20011a2b08c0843d12250a23aa20a1045dd3fbfe44f3b203c7b2690fca2347ac834d03d54279ac8dcd9a73ae2a9a871a2d0890f9aea1ba0112240a2220d4bd7836f3302a3c60533a0d081fd177edc430003a3bc40b88b7002b0ed1dd94ac2a160a14000000000000000000000000000000000000000012ef01122d0880e8eda1ba0112240a2220203f0d77a2933b7149d0ab2f5e84fe91b852244ad2834f8e15bf3f5042b2770dac180122b4010a6f6b64756235426344444b564575335a4a32777369367a466d4e464b745a515a65387365545a7072353662715477324836595a6674564c4e4872323779326258435966636f7a48546b39515654545335655378446f44335972416f6a57554734734e665761773850336b717268475a531241e7bdd27259f4c3728451212a73c8c0ad6ccab9c6b2099eb34b2abe6b2aec22c89e880c81f94fe214bf0568ff69c1b0c92e30ddad1e4c66f1a202bf31179a7db8012a056d2f302f31

CONTRACTSTR: 
6382012088a82038e95a1f3348c7e9a0e93f2d9f9e853c823bf485d20c6b98b7217b04f96300868876aa206f2e335add5622e50aca55c3b9d82b6c83b276679fda7a7ccec18e7356023dbb67044b43e363b076aa20e1c59754a6455c4cad81ce9d9f82ad84cfeee46b3f2439bf2390e9ac15052f2f6888ac

SECRET: 
fffb76dbc26ce219e815ee9b5c0fd6874ae3079842ac42f07fa3fd1434afd819

txstr := "0a9e0112280a240a220a201f58c15546b1435f2195909f40621c287296eb087ee95b2881a32b7fdd19a2fb20011a2b08c0843d12250a23aa20a1045dd3fbfe44f3b203c7b2690fca2347ac834d03d54279ac8dcd9a73ae2a9a871a2d0890f9aea1ba0112240a2220d4bd7836f3302a3c60533a0d081fd177edc430003a3bc40b88b7002b0ed1dd94ac2a160a14000000000000000000000000000000000000000012ef01122d0880e8eda1ba0112240a2220203f0d77a2933b7149d0ab2f5e84fe91b852244ad2834f8e15bf3f5042b2770dac180122b4010a6f6b64756235426344444b564575335a4a32777369367a466d4e464b745a515a65387365545a7072353662715477324836595a6674564c4e4872323779326258435966636f7a48546b39515654545335655378446f44335972416f6a57554734734e665761773850336b717268475a531241e7bdd27259f4c3728451212a73c8c0ad6ccab9c6b2099eb34b2abe6b2aec22c89e880c81f94fe214bf0568ff69c1b0c92e30ddad1e4c66f1a202bf31179a7db8012a056d2f302f31"
contractstr := "6382012088a82038e95a1f3348c7e9a0e93f2d9f9e853c823bf485d20c6b98b7217b04f96300868876aa206f2e335add5622e50aca55c3b9d82b6c83b276679fda7a7ccec18e7356023dbb67044b43e363b076aa20e1c59754a6455c4cad81ce9d9f82ad84cfeee46b3f2439bf2390e9ac15052f2f6888ac"
secret := "fffb76dbc26ce219e815ee9b5c0fd6874ae3079842ac42f07fa3fd1434afd819"

Transaction HEX
0a9e0112280a240a220a201f58c15546b1435f2195909f40621c287296eb087ee95b2881a32b7fdd19a2fb20011a2b08c0843d12250a23aa20a1045dd3fbfe44f3b203c7b2690fca2347ac834d03d54279ac8dcd9a73ae2a9a871a2d0890f9aea1ba0112240a2220d4bd7836f3302a3c60533a0d081fd177edc430003a3bc40b88b7002b0ed1dd94ac2a160a14000000000000000000000000000000000000000012ef01122d0880e8eda1ba0112240a2220203f0d77a2933b7149d0ab2f5e84fe91b852244ad2834f8e15bf3f5042b2770dac180122b4010a6f6b64756235426344444b564575335a4a32777369367a466d4e464b745a515a65387365545a7072353662715477324836595a6674564c4e4872323779326258435966636f7a48546b39515654545335655378446f44335972416f6a57554734734e665761773850336b717268475a531241e7bdd27259f4c3728451212a73c8c0ad6ccab9c6b2099eb34b2abe6b2aec22c89e880c81f94fe214bf0568ff69c1b0c92e30ddad1e4c66f1a202bf31179a7db8012a056d2f302f31
Transaction ID: 	1178a0abdcd8c90fa1751d858341d3517b9c4d1c6eac16287a9d0e11e81c44a9

Input 0: 	Outpoint: 1f58c15546b1435f2195909f40621c287296eb087ee95b2881a32b7fdd19a2fb:0 	Amount: 500.00 Kaspa
[]
Pops:  3 
 [{0xe361d0 []} {0xe34c40 [161 4 93 211 251 254 68 243 178 3 199 178 105 15 202 35 71 172 131 77 3 213 66 121 172 141 205 154 115 174 42 154]} {0xe35c58 []}]
170 
 a1045dd3fbfe44f3b203c7b2690fca2347ac834d03d54279ac8dcd9a73ae2a9a
_^^_
E certo che e' un p2sh idiota
Output 0: 	Recipient: kaspadev:pzssghwnl0lyfuajq0rmy6g0eg350tyrf5pa2sne4jxumxnn4c4f5uqa5msth 	Amount: 0.01 Kaspa
Output 1: 	Recipient: kaspadev:qr2t67pk7vcz50rq2vaq6zql69m7m3psqqarh3qt3zmsq2cw68wegrql26fnd 	Amount: 499.99 Kaspa

Fee:	30000 Sompi
GAS:	0 Sompi
Transaction ID:
1178a0abdcd8c90fa1751d858341d3517b9c4d1c6eac16287a9d0e11e81c44a9
Secret:
 fffb76dbc26ce219e815ee9b5c0fd6874ae3079842ac42f07fa3fd1434afd819

**********************REDEEM*************************

contract hash:
kaspadev:pzssghwnl0lyfuajq0rmy6g0eg350tyrf5pa2sne4jxumxnn4c4f5uqa5msth

Addresses:
29

PATH: m/0/27

Out of Empty:
extended:
 kdrv8sbCnapeSBv7cf1GxCsNAsYtaeNwP52TmAUuJYhMJ1xJn7YNxerc3XRgPEmkSkZdw8BW2e5za41n7MD16sSoECWz1Ft1mcidctzfKMt442J
keypair:
 kdrv8xcrooxM4g11wj8SJ19PjaEtWWdgW2rReL8X4wbBnbf7DAi37yt4dGND24SGYkw5V2dukH7gP2Qjvezprbcrjqp6ztHCXddYP4RtugHtcNm
derivedPublicKey:
 kdub5BcDDKVEu3ZKADCuQ2gQ6iBd4YUAuVaH1Z47sKzoLwC65y3BfXCKB4ggsMbmbUGLZRBb9qqGJHCEnR83kyrDVc2TVmkgbmEGU92CMb2NtLN
publicKeyECDSA;
 [3 122 174 21 145 4 21 86 219 230 12 169 241 12 108 229 106 197 45 127 66 128 172 100 160 237 42 110 63 190 126 43 150]
PublicKeyECDSA: [3 122 174 21 145 4 21 86 219 230 12 169 241 12 108 229 106 197 45 127 66 128 172 100 160 237 42 110 63 190 126 43 150]
PublicKeyECDSABlake2b:
 69d0c212d30bf4d6fbcea1f59c94be74f7a16a1d237e7c71068beada8c96f473
serializedPublicKeyShnorr:
 [122 174 21 145 4 21 86 219 230 12 169 241 12 108 229 106 197 45 127 66 128 172 100 160 237 42 110 63 190 126 43 150]
serializedPublicKeyiShonrrString:
 7aae1591041556dbe60ca9f10c6ce56ac52d7f4280ac64a0ed2a6e3fbe7e2b96
serializedPublicKeyiShnorrBlake2b:
 6f2e335add5622e50aca55c3b9d82b6c83b276679fda7a7ccec18e7356023dbb
serializedPublicKey:
 [122 174 21 145 4 21 86 219 230 12 169 241 12 108 229 106 197 45 127 66 128 172 100 160 237 42 110 63 190 126 43 150]
serializedPublicKeyString:
 7aae1591041556dbe60ca9f10c6ce56ac52d7f4280ac64a0ed2a6e3fbe7e2b96
serializedPublicKeyBlake2b:
 6f2e335add5622e50aca55c3b9d82b6c83b276679fda7a7ccec18e7356023dbb
regenerated address:
 kaspadev:qpa2u9v3qs24dklxpj5lzrrvu44v2ttlg2q2ce9qa54xu0a70c4evhh3emqdt

transaction.Tx.Outputs[0].ScriptPublicKey:
 aa20a1045dd3fbfe44f3b203c7b2690fca2347ac834d03d54279ac8dcd9a73ae2a9a87

signature:
 [158 85 115 205 72 37 225 183 250 124 7 28 227 83 187 169 191 92 93 181 246 26 251 66 66 3 85 211 178 216 203 41 130 251 214 224 29 102 170 175 18 130 18 79 49 18 229 209 67 153 51 128 168 53 129 61 168 230 171 16 73 67 178 222 1]
signatureString:
 9e5573cd4825e1b7fa7c071ce353bba9bf5c5db5f61afb42420355d3b2d8cb2982fbd6e01d66aaaf1282124f3112e5d143993380a835813da8e6ab104943b2de01
signatureBlake2b:
 0cdee2116c867052eb64b6f78c71dfea636d93ed34bc6c2392bcc15ee8fd8fc8

Initial:
6382012088a82038e95a1f3348c7e9a0e93f2d9f9e853c823bf485d20c6b98b7217b04f96300868876aa206f2e335add5622e50aca55c3b9d82b6c83b276679fda7a7ccec18e7356023dbb67044b43e363b076aa20e1c59754a6455c4cad81ce9d9f82ad84cfeee46b3f2439bf2390e9ac15052f2f6888ac
DASM:
OP_IF OP_SIZE 20 OP_EQUALVERIFY OP_SHA256 38e95a1f3348c7e9a0e93f2d9f9e853c823bf485d20c6b98b7217b04f9630086 OP_EQUALVERIFY OP_DUP OP_BLAKE2B 6f2e335add5622e50aca55c3b9d82b6c83b276679fda7a7ccec18e7356023dbb OP_ELSE 4b43e363 OP_CHECKLOCKTIMEVERIFY OP_DUP OP_BLAKE2B e1c59754a6455c4cad81ce9d9f82ad84cfeee46b3f2439bf2390e9ac15052f2f OP_ENDIF OP_EQUALVERIFY OP_CHECKSIG
Blake2b:
a1045dd3fbfe44f3b203c7b2690fca2347ac834d03d54279ac8dcd9a73ae2a9a


Redeem:
419e5573cd4825e1b7fa7c071ce353bba9bf5c5db5f61afb42420355d3b2d8cb2982fbd6e01d66aaaf1282124f3112e5d143993380a835813da8e6ab104943b2de01207aae1591041556dbe60ca9f10c6ce56ac52d7f4280ac64a0ed2a6e3fbe7e2b9620fffb76dbc26ce219e815ee9b5c0fd6874ae3079842ac42f07fa3fd1434afd819514c786382012088a82038e95a1f3348c7e9a0e93f2d9f9e853c823bf485d20c6b98b7217b04f96300868876aa206f2e335add5622e50aca55c3b9d82b6c83b276679fda7a7ccec18e7356023dbb67044b43e363b076aa20e1c59754a6455c4cad81ce9d9f82ad84cfeee46b3f2439bf2390e9ac15052f2f6888ac
DASM:
9e5573cd4825e1b7fa7c071ce353bba9bf5c5db5f61afb42420355d3b2d8cb2982fbd6e01d66aaaf1282124f3112e5d143993380a835813da8e6ab104943b2de01 7aae1591041556dbe60ca9f10c6ce56ac52d7f4280ac64a0ed2a6e3fbe7e2b96 fffb76dbc26ce219e815ee9b5c0fd6874ae3079842ac42f07fa3fd1434afd819 1 6382012088a82038e95a1f3348c7e9a0e93f2d9f9e853c823bf485d20c6b98b7217b04f96300868876aa206f2e335add5622e50aca55c3b9d82b6c83b276679fda7a7ccec18e7356023dbb67044b43e363b076aa20e1c59754a6455c4cad81ce9d9f82ad84cfeee46b3f2439bf2390e9ac15052f2f6888ac
Blake2b:
a7f6c594691dc3cb7df47eb80915070caa5859f68cf1e05edb22cdaae7a5bd0e


SigScript:
4cff419e5573cd4825e1b7fa7c071ce353bba9bf5c5db5f61afb42420355d3b2d8cb2982fbd6e01d66aaaf1282124f3112e5d143993380a835813da8e6ab104943b2de01207aae1591041556dbe60ca9f10c6ce56ac52d7f4280ac64a0ed2a6e3fbe7e2b9620fffb76dbc26ce219e815ee9b5c0fd6874ae3079842ac42f07fa3fd1434afd819514c786382012088a82038e95a1f3348c7e9a0e93f2d9f9e853c823bf485d20c6b98b7217b04f96300868876aa206f2e335add5622e50aca55c3b9d82b6c83b276679fda7a7ccec18e7356023dbb67044b43e363b076aa20e1c59754a6455c4cad81ce9d9f82ad84cfeee46b3f2439bf2390e9ac15052f2f6888ac
DASM:
419e5573cd4825e1b7fa7c071ce353bba9bf5c5db5f61afb42420355d3b2d8cb2982fbd6e01d66aaaf1282124f3112e5d143993380a835813da8e6ab104943b2de01207aae1591041556dbe60ca9f10c6ce56ac52d7f4280ac64a0ed2a6e3fbe7e2b9620fffb76dbc26ce219e815ee9b5c0fd6874ae3079842ac42f07fa3fd1434afd819514c786382012088a82038e95a1f3348c7e9a0e93f2d9f9e853c823bf485d20c6b98b7217b04f96300868876aa206f2e335add5622e50aca55c3b9d82b6c83b276679fda7a7ccec18e7356023dbb67044b43e363b076aa20e1c59754a6455c4cad81ce9d9f82ad84cfeee46b3f2439bf2390e9ac15052f2f6888ac
Blake2b:
1faac8308e05e47fc9db162fb6bc38509f0f48e97adf3daa3aebb0590dfa714f

Transaction:
	Version: 0
	LockTime: 0
	SubnetworkID: 0000000000000000000000000000000000000000
	Gas: 0
	Payload: 
	Inputs:
		Input: 0
		SignatureScript: 419e5573cd4825e1b7fa7c071ce353bba9bf5c5db5f61afb42420355d3b2d8cb2982fbd6e01d66aaaf1282124f3112e5d143993380a835813da8e6ab104943b2de01207aae1591041556dbe60ca9f10c6ce56ac52d7f4280ac64a0ed2a6e3fbe7e2b9620fffb76dbc26ce219e815ee9b5c0fd6874ae3079842ac42f07fa3fd1434afd819514c786382012088a82038e95a1f3348c7e9a0e93f2d9f9e853c823bf485d20c6b98b7217b04f96300868876aa206f2e335add5622e50aca55c3b9d82b6c83b276679fda7a7ccec18e7356023dbb67044b43e363b076aa20e1c59754a6455c4cad81ce9d9f82ad84cfeee46b3f2439bf2390e9ac15052f2f6888ac
		Sequence: 0
		SigOpCount: 1
Outputs:
		Output: 0
		Amount: 970000
		ScriptPublicKey:
			Version: 0
			Script: 207aae1591041556dbe60ca9f10c6ce56ac52d7f4280ac64a0ed2a6e3fbe7e2b96ac

Transactions were sent successfully!
Transaction ID(s): 
	40499743292d1025d75e69d839dd96a8b57ffd5e3f48961deb3023b61ce5b04c
